The system is: Linux - 3.10.0-514.21.2.el7.x86_64 - x86_64
Compiling the C compiler identification source file "CMakeCCompilerId.c" succeeded.
Compiler: /usr/bin/cc 
Build flags: 
Id flags: 

The output was:
0


Compilation of the C compiler identification source "CMakeCCompilerId.c" produced "a.out"

The C compiler identification is GNU, found in "/home/mdomenighini/fresh/build/CMakeFiles/2.8.12.2/CompilerIdC/a.out"

Compiling the CXX compiler identification source file "CMakeCXXCompilerId.cpp" succeeded.
Compiler: /usr/bin/c++ 
Build flags: 
Id flags: 

The output was:
0


Compilation of the CXX compiler identification source "CMakeCXXCompilerId.cpp" produced "a.out"

The CXX compiler identification is GNU, found in "/home/mdomenighini/fresh/build/CMakeFiles/2.8.12.2/CompilerIdCXX/a.out"

Determining if the C compiler works passed with the following output:
Change Dir: /home/mdomenighini/fresh/build/CMakeFiles/CMakeTmp

Run Build Command:/usr/bin/gmake "cmTryCompileExec1131231507/fast"
/usr/bin/gmake -f CMakeFiles/cmTryCompileExec1131231507.dir/build.make CMakeFiles/cmTryCompileExec1131231507.dir/build
gmake[1]: Entering directory `/home/mdomenighini/fresh/build/CMakeFiles/CMakeTmp'
/usr/bin/cmake -E cmake_progress_report /home/mdomenighini/fresh/build/CMakeFiles/CMakeTmp/CMakeFiles 1
Building C object CMakeFiles/cmTryCompileExec1131231507.dir/testCCompiler.c.o
/usr/bin/cc    -o CMakeFiles/cmTryCompileExec1131231507.dir/testCCompiler.c.o   -c /home/mdomenighini/fresh/build/CMakeFiles/CMakeTmp/testCCompiler.c
Linking C executable cmTryCompileExec1131231507
/usr/bin/cmake -E cmake_link_script CMakeFiles/cmTryCompileExec1131231507.dir/link.txt --verbose=1
/usr/bin/cc       CMakeFiles/cmTryCompileExec1131231507.dir/testCCompiler.c.o  -o cmTryCompileExec1131231507 -rdynamic 
gmake[1]: Leaving directory `/home/mdomenighini/fresh/build/CMakeFiles/CMakeTmp'


Detecting C compiler ABI info compiled with the following output:
Change Dir: /home/mdomenighini/fresh/build/CMakeFiles/CMakeTmp

Run Build Command:/usr/bin/gmake "cmTryCompileExec927053871/fast"
/usr/bin/gmake -f CMakeFiles/cmTryCompileExec927053871.dir/build.make CMakeFiles/cmTryCompileExec927053871.dir/build
gmake[1]: Entering directory `/home/mdomenighini/fresh/build/CMakeFiles/CMakeTmp'
/usr/bin/cmake -E cmake_progress_report /home/mdomenighini/fresh/build/CMakeFiles/CMakeTmp/CMakeFiles 1
Building C object CMakeFiles/cmTryCompileExec927053871.dir/CMakeCCompilerABI.c.o
/usr/bin/cc    -o CMakeFiles/cmTryCompileExec927053871.dir/CMakeCCompilerABI.c.o   -c /usr/share/cmake/Modules/CMakeCCompilerABI.c
Linking C executable cmTryCompileExec927053871
/usr/bin/cmake -E cmake_link_script CMakeFiles/cmTryCompileExec927053871.dir/link.txt --verbose=1
/usr/bin/cc     -v CMakeFiles/cmTryCompileExec927053871.dir/CMakeCCompilerABI.c.o  -o cmTryCompileExec927053871 -rdynamic  
Using built-in specs.
COLLECT_GCC=/usr/bin/cc
COLLECT_LTO_WRAPPER=/usr/libexec/gcc/x86_64-redhat-linux/4.8.5/lto-wrapper
Target: x86_64-redhat-linux
Configured with: ../configure --prefix=/usr --mandir=/usr/share/man --infodir=/usr/share/info --with-bugurl=http://bugzilla.redhat.com/bugzilla --enable-bootstrap --enable-shared --enable-threads=posix --enable-checking=release --with-system-zlib --enable-__cxa_atexit --disable-libunwind-exceptions --enable-gnu-unique-object --enable-linker-build-id --with-linker-hash-style=gnu --enable-languages=c,c++,objc,obj-c++,java,fortran,ada,go,lto --enable-plugin --enable-initfini-array --disable-libgcj --with-isl=/builddir/build/BUILD/gcc-4.8.5-20150702/obj-x86_64-redhat-linux/isl-install --with-cloog=/builddir/build/BUILD/gcc-4.8.5-20150702/obj-x86_64-redhat-linux/cloog-install --enable-gnu-indirect-function --with-tune=generic --with-arch_32=x86-64 --build=x86_64-redhat-linux
Thread model: posix
gcc version 4.8.5 20150623 (Red Hat 4.8.5-11) (GCC) 
COMPILER_PATH=/usr/libexec/gcc/x86_64-redhat-linux/4.8.5/:/usr/libexec/gcc/x86_64-redhat-linux/4.8.5/:/usr/libexec/gcc/x86_64-redhat-linux/:/usr/lib/gcc/x86_64-redhat-linux/4.8.5/:/usr/lib/gcc/x86_64-redhat-linux/
LIBRARY_PATH=/usr/lib/gcc/x86_64-redhat-linux/4.8.5/:/usr/lib/gcc/x86_64-redhat-linux/4.8.5/../../../../lib64/:/lib/../lib64/:/usr/lib/../lib64/:/usr/lib/gcc/x86_64-redhat-linux/4.8.5/../../../:/lib/:/usr/lib/
COLLECT_GCC_OPTIONS='-v' '-o' 'cmTryCompileExec927053871' '-rdynamic' '-mtune=generic' '-march=x86-64'
 /usr/libexec/gcc/x86_64-redhat-linux/4.8.5/collect2 --build-id --no-add-needed --eh-frame-hdr --hash-style=gnu -m elf_x86_64 -export-dynamic -dynamic-linker /lib64/ld-linux-x86-64.so.2 -o cmTryCompileExec927053871 /usr/lib/gcc/x86_64-redhat-linux/4.8.5/../../../../lib64/crt1.o /usr/lib/gcc/x86_64-redhat-linux/4.8.5/../../../../lib64/crti.o /usr/lib/gcc/x86_64-redhat-linux/4.8.5/crtbegin.o -L/usr/lib/gcc/x86_64-redhat-linux/4.8.5 -L/usr/lib/gcc/x86_64-redhat-linux/4.8.5/../../../../lib64 -L/lib/../lib64 -L/usr/lib/../lib64 -L/usr/lib/gcc/x86_64-redhat-linux/4.8.5/../../.. CMakeFiles/cmTryCompileExec927053871.dir/CMakeCCompilerABI.c.o -lgcc --as-needed -lgcc_s --no-as-needed -lc -lgcc --as-needed -lgcc_s --no-as-needed /usr/lib/gcc/x86_64-redhat-linux/4.8.5/crtend.o /usr/lib/gcc/x86_64-redhat-linux/4.8.5/../../../../lib64/crtn.o
gmake[1]: Leaving directory `/home/mdomenighini/fresh/build/CMakeFiles/CMakeTmp'


Parsed C implicit link information from above output:
  link line regex: [^( *|.*[/\])(ld|([^/\]+-)?ld|collect2)[^/\]*( |$)]
  ignore line: [Change Dir: /home/mdomenighini/fresh/build/CMakeFiles/CMakeTmp]
  ignore line: []
  ignore line: [Run Build Command:/usr/bin/gmake "cmTryCompileExec927053871/fast"]
  ignore line: [/usr/bin/gmake -f CMakeFiles/cmTryCompileExec927053871.dir/build.make CMakeFiles/cmTryCompileExec927053871.dir/build]
  ignore line: [gmake[1]: Entering directory `/home/mdomenighini/fresh/build/CMakeFiles/CMakeTmp']
  ignore line: [/usr/bin/cmake -E cmake_progress_report /home/mdomenighini/fresh/build/CMakeFiles/CMakeTmp/CMakeFiles 1]
  ignore line: [Building C object CMakeFiles/cmTryCompileExec927053871.dir/CMakeCCompilerABI.c.o]
  ignore line: [/usr/bin/cc    -o CMakeFiles/cmTryCompileExec927053871.dir/CMakeCCompilerABI.c.o   -c /usr/share/cmake/Modules/CMakeCCompilerABI.c]
  ignore line: [Linking C executable cmTryCompileExec927053871]
  ignore line: [/usr/bin/cmake -E cmake_link_script CMakeFiles/cmTryCompileExec927053871.dir/link.txt --verbose=1]
  ignore line: [/usr/bin/cc     -v CMakeFiles/cmTryCompileExec927053871.dir/CMakeCCompilerABI.c.o  -o cmTryCompileExec927053871 -rdynamic  ]
  ignore line: [Using built-in specs.]
  ignore line: [COLLECT_GCC=/usr/bin/cc]
  ignore line: [COLLECT_LTO_WRAPPER=/usr/libexec/gcc/x86_64-redhat-linux/4.8.5/lto-wrapper]
  ignore line: [Target: x86_64-redhat-linux]
  ignore line: [Configured with: ../configure --prefix=/usr --mandir=/usr/share/man --infodir=/usr/share/info --with-bugurl=http://bugzilla.redhat.com/bugzilla --enable-bootstrap --enable-shared --enable-threads=posix --enable-checking=release --with-system-zlib --enable-__cxa_atexit --disable-libunwind-exceptions --enable-gnu-unique-object --enable-linker-build-id --with-linker-hash-style=gnu --enable-languages=c,c++,objc,obj-c++,java,fortran,ada,go,lto --enable-plugin --enable-initfini-array --disable-libgcj --with-isl=/builddir/build/BUILD/gcc-4.8.5-20150702/obj-x86_64-redhat-linux/isl-install --with-cloog=/builddir/build/BUILD/gcc-4.8.5-20150702/obj-x86_64-redhat-linux/cloog-install --enable-gnu-indirect-function --with-tune=generic --with-arch_32=x86-64 --build=x86_64-redhat-linux]
  ignore line: [Thread model: posix]
  ignore line: [gcc version 4.8.5 20150623 (Red Hat 4.8.5-11) (GCC) ]
  ignore line: [COMPILER_PATH=/usr/libexec/gcc/x86_64-redhat-linux/4.8.5/:/usr/libexec/gcc/x86_64-redhat-linux/4.8.5/:/usr/libexec/gcc/x86_64-redhat-linux/:/usr/lib/gcc/x86_64-redhat-linux/4.8.5/:/usr/lib/gcc/x86_64-redhat-linux/]
  ignore line: [LIBRARY_PATH=/usr/lib/gcc/x86_64-redhat-linux/4.8.5/:/usr/lib/gcc/x86_64-redhat-linux/4.8.5/../../../../lib64/:/lib/../lib64/:/usr/lib/../lib64/:/usr/lib/gcc/x86_64-redhat-linux/4.8.5/../../../:/lib/:/usr/lib/]
  ignore line: [COLLECT_GCC_OPTIONS='-v' '-o' 'cmTryCompileExec927053871' '-rdynamic' '-mtune=generic' '-march=x86-64']
  link line: [ /usr/libexec/gcc/x86_64-redhat-linux/4.8.5/collect2 --build-id --no-add-needed --eh-frame-hdr --hash-style=gnu -m elf_x86_64 -export-dynamic -dynamic-linker /lib64/ld-linux-x86-64.so.2 -o cmTryCompileExec927053871 /usr/lib/gcc/x86_64-redhat-linux/4.8.5/../../../../lib64/crt1.o /usr/lib/gcc/x86_64-redhat-linux/4.8.5/../../../../lib64/crti.o /usr/lib/gcc/x86_64-redhat-linux/4.8.5/crtbegin.o -L/usr/lib/gcc/x86_64-redhat-linux/4.8.5 -L/usr/lib/gcc/x86_64-redhat-linux/4.8.5/../../../../lib64 -L/lib/../lib64 -L/usr/lib/../lib64 -L/usr/lib/gcc/x86_64-redhat-linux/4.8.5/../../.. CMakeFiles/cmTryCompileExec927053871.dir/CMakeCCompilerABI.c.o -lgcc --as-needed -lgcc_s --no-as-needed -lc -lgcc --as-needed -lgcc_s --no-as-needed /usr/lib/gcc/x86_64-redhat-linux/4.8.5/crtend.o /usr/lib/gcc/x86_64-redhat-linux/4.8.5/../../../../lib64/crtn.o]
    arg [/usr/libexec/gcc/x86_64-redhat-linux/4.8.5/collect2] ==> ignore
    arg [--build-id] ==> ignore
    arg [--no-add-needed] ==> ignore
    arg [--eh-frame-hdr] ==> ignore
    arg [--hash-style=gnu] ==> ignore
    arg [-m] ==> ignore
    arg [elf_x86_64] ==> ignore
    arg [-export-dynamic] ==> ignore
    arg [-dynamic-linker] ==> ignore
    arg [/lib64/ld-linux-x86-64.so.2] ==> ignore
    arg [-o] ==> ignore
    arg [cmTryCompileExec927053871] ==> ignore
    arg [/usr/lib/gcc/x86_64-redhat-linux/4.8.5/../../../../lib64/crt1.o] ==> ignore
    arg [/usr/lib/gcc/x86_64-redhat-linux/4.8.5/../../../../lib64/crti.o] ==> ignore
    arg [/usr/lib/gcc/x86_64-redhat-linux/4.8.5/crtbegin.o] ==> ignore
    arg [-L/usr/lib/gcc/x86_64-redhat-linux/4.8.5] ==> dir [/usr/lib/gcc/x86_64-redhat-linux/4.8.5]
    arg [-L/usr/lib/gcc/x86_64-redhat-linux/4.8.5/../../../../lib64] ==> dir [/usr/lib/gcc/x86_64-redhat-linux/4.8.5/../../../../lib64]
    arg [-L/lib/../lib64] ==> dir [/lib/../lib64]
    arg [-L/usr/lib/../lib64] ==> dir [/usr/lib/../lib64]
    arg [-L/usr/lib/gcc/x86_64-redhat-linux/4.8.5/../../..] ==> dir [/usr/lib/gcc/x86_64-redhat-linux/4.8.5/../../..]
    arg [CMakeFiles/cmTryCompileExec927053871.dir/CMakeCCompilerABI.c.o] ==> ignore
    arg [-lgcc] ==> lib [gcc]
    arg [--as-needed] ==> ignore
    arg [-lgcc_s] ==> lib [gcc_s]
    arg [--no-as-needed] ==> ignore
    arg [-lc] ==> lib [c]
    arg [-lgcc] ==> lib [gcc]
    arg [--as-needed] ==> ignore
    arg [-lgcc_s] ==> lib [gcc_s]
    arg [--no-as-needed] ==> ignore
    arg [/usr/lib/gcc/x86_64-redhat-linux/4.8.5/crtend.o] ==> ignore
    arg [/usr/lib/gcc/x86_64-redhat-linux/4.8.5/../../../../lib64/crtn.o] ==> ignore
  remove lib [gcc]
  remove lib [gcc_s]
  remove lib [gcc]
  remove lib [gcc_s]
  collapse library dir [/usr/lib/gcc/x86_64-redhat-linux/4.8.5] ==> [/usr/lib/gcc/x86_64-redhat-linux/4.8.5]
  collapse library dir [/usr/lib/gcc/x86_64-redhat-linux/4.8.5/../../../../lib64] ==> [/usr/lib64]
  collapse library dir [/lib/../lib64] ==> [/lib64]
  collapse library dir [/usr/lib/../lib64] ==> [/usr/lib64]
  collapse library dir [/usr/lib/gcc/x86_64-redhat-linux/4.8.5/../../..] ==> [/usr/lib]
  implicit libs: [c]
  implicit dirs: [/usr/lib/gcc/x86_64-redhat-linux/4.8.5;/usr/lib64;/lib64;/usr/lib]
  implicit fwks: []


Determining if the CXX compiler works passed with the following output:
Change Dir: /home/mdomenighini/fresh/build/CMakeFiles/CMakeTmp

Run Build Command:/usr/bin/gmake "cmTryCompileExec240610531/fast"
/usr/bin/gmake -f CMakeFiles/cmTryCompileExec240610531.dir/build.make CMakeFiles/cmTryCompileExec240610531.dir/build
gmake[1]: Entering directory `/home/mdomenighini/fresh/build/CMakeFiles/CMakeTmp'
/usr/bin/cmake -E cmake_progress_report /home/mdomenighini/fresh/build/CMakeFiles/CMakeTmp/CMakeFiles 1
Building CXX object CMakeFiles/cmTryCompileExec240610531.dir/testCXXCompiler.cxx.o
/usr/bin/c++     -o CMakeFiles/cmTryCompileExec240610531.dir/testCXXCompiler.cxx.o -c /home/mdomenighini/fresh/build/CMakeFiles/CMakeTmp/testCXXCompiler.cxx
Linking CXX executable cmTryCompileExec240610531
/usr/bin/cmake -E cmake_link_script CMakeFiles/cmTryCompileExec240610531.dir/link.txt --verbose=1
/usr/bin/c++        CMakeFiles/cmTryCompileExec240610531.dir/testCXXCompiler.cxx.o  -o cmTryCompileExec240610531 -rdynamic 
gmake[1]: Leaving directory `/home/mdomenighini/fresh/build/CMakeFiles/CMakeTmp'


Detecting CXX compiler ABI info compiled with the following output:
Change Dir: /home/mdomenighini/fresh/build/CMakeFiles/CMakeTmp

Run Build Command:/usr/bin/gmake "cmTryCompileExec3038096/fast"
/usr/bin/gmake -f CMakeFiles/cmTryCompileExec3038096.dir/build.make CMakeFiles/cmTryCompileExec3038096.dir/build
gmake[1]: Entering directory `/home/mdomenighini/fresh/build/CMakeFiles/CMakeTmp'
/usr/bin/cmake -E cmake_progress_report /home/mdomenighini/fresh/build/CMakeFiles/CMakeTmp/CMakeFiles 1
Building CXX object CMakeFiles/cmTryCompileExec3038096.dir/CMakeCXXCompilerABI.cpp.o
/usr/bin/c++     -o CMakeFiles/cmTryCompileExec3038096.dir/CMakeCXXCompilerABI.cpp.o -c /usr/share/cmake/Modules/CMakeCXXCompilerABI.cpp
Linking CXX executable cmTryCompileExec3038096
/usr/bin/cmake -E cmake_link_script CMakeFiles/cmTryCompileExec3038096.dir/link.txt --verbose=1
/usr/bin/c++      -v CMakeFiles/cmTryCompileExec3038096.dir/CMakeCXXCompilerABI.cpp.o  -o cmTryCompileExec3038096 -rdynamic  
Using built-in specs.
COLLECT_GCC=/usr/bin/c++
COLLECT_LTO_WRAPPER=/usr/libexec/gcc/x86_64-redhat-linux/4.8.5/lto-wrapper
Target: x86_64-redhat-linux
Configured with: ../configure --prefix=/usr --mandir=/usr/share/man --infodir=/usr/share/info --with-bugurl=http://bugzilla.redhat.com/bugzilla --enable-bootstrap --enable-shared --enable-threads=posix --enable-checking=release --with-system-zlib --enable-__cxa_atexit --disable-libunwind-exceptions --enable-gnu-unique-object --enable-linker-build-id --with-linker-hash-style=gnu --enable-languages=c,c++,objc,obj-c++,java,fortran,ada,go,lto --enable-plugin --enable-initfini-array --disable-libgcj --with-isl=/builddir/build/BUILD/gcc-4.8.5-20150702/obj-x86_64-redhat-linux/isl-install --with-cloog=/builddir/build/BUILD/gcc-4.8.5-20150702/obj-x86_64-redhat-linux/cloog-install --enable-gnu-indirect-function --with-tune=generic --with-arch_32=x86-64 --build=x86_64-redhat-linux
Thread model: posix
gcc version 4.8.5 20150623 (Red Hat 4.8.5-11) (GCC) 
COMPILER_PATH=/usr/libexec/gcc/x86_64-redhat-linux/4.8.5/:/usr/libexec/gcc/x86_64-redhat-linux/4.8.5/:/usr/libexec/gcc/x86_64-redhat-linux/:/usr/lib/gcc/x86_64-redhat-linux/4.8.5/:/usr/lib/gcc/x86_64-redhat-linux/
LIBRARY_PATH=/usr/lib/gcc/x86_64-redhat-linux/4.8.5/:/usr/lib/gcc/x86_64-redhat-linux/4.8.5/../../../../lib64/:/lib/../lib64/:/usr/lib/../lib64/:/usr/lib/gcc/x86_64-redhat-linux/4.8.5/../../../:/lib/:/usr/lib/
COLLECT_GCC_OPTIONS='-v' '-o' 'cmTryCompileExec3038096' '-rdynamic' '-shared-libgcc' '-mtune=generic' '-march=x86-64'
 /usr/libexec/gcc/x86_64-redhat-linux/4.8.5/collect2 --build-id --no-add-needed --eh-frame-hdr --hash-style=gnu -m elf_x86_64 -export-dynamic -dynamic-linker /lib64/ld-linux-x86-64.so.2 -o cmTryCompileExec3038096 /usr/lib/gcc/x86_64-redhat-linux/4.8.5/../../../../lib64/crt1.o /usr/lib/gcc/x86_64-redhat-linux/4.8.5/../../../../lib64/crti.o /usr/lib/gcc/x86_64-redhat-linux/4.8.5/crtbegin.o -L/usr/lib/gcc/x86_64-redhat-linux/4.8.5 -L/usr/lib/gcc/x86_64-redhat-linux/4.8.5/../../../../lib64 -L/lib/../lib64 -L/usr/lib/../lib64 -L/usr/lib/gcc/x86_64-redhat-linux/4.8.5/../../.. CMakeFiles/cmTryCompileExec3038096.dir/CMakeCXXCompilerABI.cpp.o -lstdc++ -lm -lgcc_s -lgcc -lc -lgcc_s -lgcc /usr/lib/gcc/x86_64-redhat-linux/4.8.5/crtend.o /usr/lib/gcc/x86_64-redhat-linux/4.8.5/../../../../lib64/crtn.o
gmake[1]: Leaving directory `/home/mdomenighini/fresh/build/CMakeFiles/CMakeTmp'


Parsed CXX implicit link information from above output:
  link line regex: [^( *|.*[/\])(ld|([^/\]+-)?ld|collect2)[^/\]*( |$)]
  ignore line: [Change Dir: /home/mdomenighini/fresh/build/CMakeFiles/CMakeTmp]
  ignore line: []
  ignore line: [Run Build Command:/usr/bin/gmake "cmTryCompileExec3038096/fast"]
  ignore line: [/usr/bin/gmake -f CMakeFiles/cmTryCompileExec3038096.dir/build.make CMakeFiles/cmTryCompileExec3038096.dir/build]
  ignore line: [gmake[1]: Entering directory `/home/mdomenighini/fresh/build/CMakeFiles/CMakeTmp']
  ignore line: [/usr/bin/cmake -E cmake_progress_report /home/mdomenighini/fresh/build/CMakeFiles/CMakeTmp/CMakeFiles 1]
  ignore line: [Building CXX object CMakeFiles/cmTryCompileExec3038096.dir/CMakeCXXCompilerABI.cpp.o]
  ignore line: [/usr/bin/c++     -o CMakeFiles/cmTryCompileExec3038096.dir/CMakeCXXCompilerABI.cpp.o -c /usr/share/cmake/Modules/CMakeCXXCompilerABI.cpp]
  ignore line: [Linking CXX executable cmTryCompileExec3038096]
  ignore line: [/usr/bin/cmake -E cmake_link_script CMakeFiles/cmTryCompileExec3038096.dir/link.txt --verbose=1]
  ignore line: [/usr/bin/c++      -v CMakeFiles/cmTryCompileExec3038096.dir/CMakeCXXCompilerABI.cpp.o  -o cmTryCompileExec3038096 -rdynamic  ]
  ignore line: [Using built-in specs.]
  ignore line: [COLLECT_GCC=/usr/bin/c++]
  ignore line: [COLLECT_LTO_WRAPPER=/usr/libexec/gcc/x86_64-redhat-linux/4.8.5/lto-wrapper]
  ignore line: [Target: x86_64-redhat-linux]
  ignore line: [Configured with: ../configure --prefix=/usr --mandir=/usr/share/man --infodir=/usr/share/info --with-bugurl=http://bugzilla.redhat.com/bugzilla --enable-bootstrap --enable-shared --enable-threads=posix --enable-checking=release --with-system-zlib --enable-__cxa_atexit --disable-libunwind-exceptions --enable-gnu-unique-object --enable-linker-build-id --with-linker-hash-style=gnu --enable-languages=c,c++,objc,obj-c++,java,fortran,ada,go,lto --enable-plugin --enable-initfini-array --disable-libgcj --with-isl=/builddir/build/BUILD/gcc-4.8.5-20150702/obj-x86_64-redhat-linux/isl-install --with-cloog=/builddir/build/BUILD/gcc-4.8.5-20150702/obj-x86_64-redhat-linux/cloog-install --enable-gnu-indirect-function --with-tune=generic --with-arch_32=x86-64 --build=x86_64-redhat-linux]
  ignore line: [Thread model: posix]
  ignore line: [gcc version 4.8.5 20150623 (Red Hat 4.8.5-11) (GCC) ]
  ignore line: [COMPILER_PATH=/usr/libexec/gcc/x86_64-redhat-linux/4.8.5/:/usr/libexec/gcc/x86_64-redhat-linux/4.8.5/:/usr/libexec/gcc/x86_64-redhat-linux/:/usr/lib/gcc/x86_64-redhat-linux/4.8.5/:/usr/lib/gcc/x86_64-redhat-linux/]
  ignore line: [LIBRARY_PATH=/usr/lib/gcc/x86_64-redhat-linux/4.8.5/:/usr/lib/gcc/x86_64-redhat-linux/4.8.5/../../../../lib64/:/lib/../lib64/:/usr/lib/../lib64/:/usr/lib/gcc/x86_64-redhat-linux/4.8.5/../../../:/lib/:/usr/lib/]
  ignore line: [COLLECT_GCC_OPTIONS='-v' '-o' 'cmTryCompileExec3038096' '-rdynamic' '-shared-libgcc' '-mtune=generic' '-march=x86-64']
  link line: [ /usr/libexec/gcc/x86_64-redhat-linux/4.8.5/collect2 --build-id --no-add-needed --eh-frame-hdr --hash-style=gnu -m elf_x86_64 -export-dynamic -dynamic-linker /lib64/ld-linux-x86-64.so.2 -o cmTryCompileExec3038096 /usr/lib/gcc/x86_64-redhat-linux/4.8.5/../../../../lib64/crt1.o /usr/lib/gcc/x86_64-redhat-linux/4.8.5/../../../../lib64/crti.o /usr/lib/gcc/x86_64-redhat-linux/4.8.5/crtbegin.o -L/usr/lib/gcc/x86_64-redhat-linux/4.8.5 -L/usr/lib/gcc/x86_64-redhat-linux/4.8.5/../../../../lib64 -L/lib/../lib64 -L/usr/lib/../lib64 -L/usr/lib/gcc/x86_64-redhat-linux/4.8.5/../../.. CMakeFiles/cmTryCompileExec3038096.dir/CMakeCXXCompilerABI.cpp.o -lstdc++ -lm -lgcc_s -lgcc -lc -lgcc_s -lgcc /usr/lib/gcc/x86_64-redhat-linux/4.8.5/crtend.o /usr/lib/gcc/x86_64-redhat-linux/4.8.5/../../../../lib64/crtn.o]
    arg [/usr/libexec/gcc/x86_64-redhat-linux/4.8.5/collect2] ==> ignore
    arg [--build-id] ==> ignore
    arg [--no-add-needed] ==> ignore
    arg [--eh-frame-hdr] ==> ignore
    arg [--hash-style=gnu] ==> ignore
    arg [-m] ==> ignore
    arg [elf_x86_64] ==> ignore
    arg [-export-dynamic] ==> ignore
    arg [-dynamic-linker] ==> ignore
    arg [/lib64/ld-linux-x86-64.so.2] ==> ignore
    arg [-o] ==> ignore
    arg [cmTryCompileExec3038096] ==> ignore
    arg [/usr/lib/gcc/x86_64-redhat-linux/4.8.5/../../../../lib64/crt1.o] ==> ignore
    arg [/usr/lib/gcc/x86_64-redhat-linux/4.8.5/../../../../lib64/crti.o] ==> ignore
    arg [/usr/lib/gcc/x86_64-redhat-linux/4.8.5/crtbegin.o] ==> ignore
    arg [-L/usr/lib/gcc/x86_64-redhat-linux/4.8.5] ==> dir [/usr/lib/gcc/x86_64-redhat-linux/4.8.5]
    arg [-L/usr/lib/gcc/x86_64-redhat-linux/4.8.5/../../../../lib64] ==> dir [/usr/lib/gcc/x86_64-redhat-linux/4.8.5/../../../../lib64]
    arg [-L/lib/../lib64] ==> dir [/lib/../lib64]
    arg [-L/usr/lib/../lib64] ==> dir [/usr/lib/../lib64]
    arg [-L/usr/lib/gcc/x86_64-redhat-linux/4.8.5/../../..] ==> dir [/usr/lib/gcc/x86_64-redhat-linux/4.8.5/../../..]
    arg [CMakeFiles/cmTryCompileExec3038096.dir/CMakeCXXCompilerABI.cpp.o] ==> ignore
    arg [-lstdc++] ==> lib [stdc++]
    arg [-lm] ==> lib [m]
    arg [-lgcc_s] ==> lib [gcc_s]
    arg [-lgcc] ==> lib [gcc]
    arg [-lc] ==> lib [c]
    arg [-lgcc_s] ==> lib [gcc_s]
    arg [-lgcc] ==> lib [gcc]
    arg [/usr/lib/gcc/x86_64-redhat-linux/4.8.5/crtend.o] ==> ignore
    arg [/usr/lib/gcc/x86_64-redhat-linux/4.8.5/../../../../lib64/crtn.o] ==> ignore
  remove lib [gcc_s]
  remove lib [gcc]
  remove lib [gcc_s]
  remove lib [gcc]
  collapse library dir [/usr/lib/gcc/x86_64-redhat-linux/4.8.5] ==> [/usr/lib/gcc/x86_64-redhat-linux/4.8.5]
  collapse library dir [/usr/lib/gcc/x86_64-redhat-linux/4.8.5/../../../../lib64] ==> [/usr/lib64]
  collapse library dir [/lib/../lib64] ==> [/lib64]
  collapse library dir [/usr/lib/../lib64] ==> [/usr/lib64]
  collapse library dir [/usr/lib/gcc/x86_64-redhat-linux/4.8.5/../../..] ==> [/usr/lib]
  implicit libs: [stdc++;m;c]
  implicit dirs: [/usr/lib/gcc/x86_64-redhat-linux/4.8.5;/usr/lib64;/lib64;/usr/lib]
  implicit fwks: []


Determining if the include file alloca.h exists passed with the following output:
Change Dir: /home/mdomenighini/fresh/build/CMakeFiles/CMakeTmp

Run Build Command:/usr/bin/gmake "cmTryCompileExec1106387578/fast"
/usr/bin/gmake -f CMakeFiles/cmTryCompileExec1106387578.dir/build.make CMakeFiles/cmTryCompileExec1106387578.dir/build
gmake[1]: Entering directory `/home/mdomenighini/fresh/build/CMakeFiles/CMakeTmp'
/usr/bin/cmake -E cmake_progress_report /home/mdomenighini/fresh/build/CMakeFiles/CMakeTmp/CMakeFiles 1
Building C object CMakeFiles/cmTryCompileExec1106387578.dir/CheckIncludeFile.c.o
/usr/bin/cc    -o CMakeFiles/cmTryCompileExec1106387578.dir/CheckIncludeFile.c.o   -c /home/mdomenighini/fresh/build/CMakeFiles/CMakeTmp/CheckIncludeFile.c
Linking C executable cmTryCompileExec1106387578
/usr/bin/cmake -E cmake_link_script CMakeFiles/cmTryCompileExec1106387578.dir/link.txt --verbose=1
/usr/bin/cc       CMakeFiles/cmTryCompileExec1106387578.dir/CheckIncludeFile.c.o  -o cmTryCompileExec1106387578 -rdynamic 
gmake[1]: Leaving directory `/home/mdomenighini/fresh/build/CMakeFiles/CMakeTmp'


Determining if the include file dlfcn.h exists passed with the following output:
Change Dir: /home/mdomenighini/fresh/build/CMakeFiles/CMakeTmp

Run Build Command:/usr/bin/gmake "cmTryCompileExec3920872818/fast"
/usr/bin/gmake -f CMakeFiles/cmTryCompileExec3920872818.dir/build.make CMakeFiles/cmTryCompileExec3920872818.dir/build
gmake[1]: Entering directory `/home/mdomenighini/fresh/build/CMakeFiles/CMakeTmp'
/usr/bin/cmake -E cmake_progress_report /home/mdomenighini/fresh/build/CMakeFiles/CMakeTmp/CMakeFiles 1
Building C object CMakeFiles/cmTryCompileExec3920872818.dir/CheckIncludeFile.c.o
/usr/bin/cc    -o CMakeFiles/cmTryCompileExec3920872818.dir/CheckIncludeFile.c.o   -c /home/mdomenighini/fresh/build/CMakeFiles/CMakeTmp/CheckIncludeFile.c
Linking C executable cmTryCompileExec3920872818
/usr/bin/cmake -E cmake_link_script CMakeFiles/cmTryCompileExec3920872818.dir/link.txt --verbose=1
/usr/bin/cc       CMakeFiles/cmTryCompileExec3920872818.dir/CheckIncludeFile.c.o  -o cmTryCompileExec3920872818 -rdynamic 
gmake[1]: Leaving directory `/home/mdomenighini/fresh/build/CMakeFiles/CMakeTmp'


Determining if the include file errno.h exists passed with the following output:
Change Dir: /home/mdomenighini/fresh/build/CMakeFiles/CMakeTmp

Run Build Command:/usr/bin/gmake "cmTryCompileExec2542507221/fast"
/usr/bin/gmake -f CMakeFiles/cmTryCompileExec2542507221.dir/build.make CMakeFiles/cmTryCompileExec2542507221.dir/build
gmake[1]: Entering directory `/home/mdomenighini/fresh/build/CMakeFiles/CMakeTmp'
/usr/bin/cmake -E cmake_progress_report /home/mdomenighini/fresh/build/CMakeFiles/CMakeTmp/CMakeFiles 1
Building C object CMakeFiles/cmTryCompileExec2542507221.dir/CheckIncludeFile.c.o
/usr/bin/cc    -o CMakeFiles/cmTryCompileExec2542507221.dir/CheckIncludeFile.c.o   -c /home/mdomenighini/fresh/build/CMakeFiles/CMakeTmp/CheckIncludeFile.c
Linking C executable cmTryCompileExec2542507221
/usr/bin/cmake -E cmake_link_script CMakeFiles/cmTryCompileExec2542507221.dir/link.txt --verbose=1
/usr/bin/cc       CMakeFiles/cmTryCompileExec2542507221.dir/CheckIncludeFile.c.o  -o cmTryCompileExec2542507221 -rdynamic 
gmake[1]: Leaving directory `/home/mdomenighini/fresh/build/CMakeFiles/CMakeTmp'


Determining if the include file fcntl.h exists passed with the following output:
Change Dir: /home/mdomenighini/fresh/build/CMakeFiles/CMakeTmp

Run Build Command:/usr/bin/gmake "cmTryCompileExec4200966589/fast"
/usr/bin/gmake -f CMakeFiles/cmTryCompileExec4200966589.dir/build.make CMakeFiles/cmTryCompileExec4200966589.dir/build
gmake[1]: Entering directory `/home/mdomenighini/fresh/build/CMakeFiles/CMakeTmp'
/usr/bin/cmake -E cmake_progress_report /home/mdomenighini/fresh/build/CMakeFiles/CMakeTmp/CMakeFiles 1
Building C object CMakeFiles/cmTryCompileExec4200966589.dir/CheckIncludeFile.c.o
/usr/bin/cc    -o CMakeFiles/cmTryCompileExec4200966589.dir/CheckIncludeFile.c.o   -c /home/mdomenighini/fresh/build/CMakeFiles/CMakeTmp/CheckIncludeFile.c
Linking C executable cmTryCompileExec4200966589
/usr/bin/cmake -E cmake_link_script CMakeFiles/cmTryCompileExec4200966589.dir/link.txt --verbose=1
/usr/bin/cc       CMakeFiles/cmTryCompileExec4200966589.dir/CheckIncludeFile.c.o  -o cmTryCompileExec4200966589 -rdynamic 
gmake[1]: Leaving directory `/home/mdomenighini/fresh/build/CMakeFiles/CMakeTmp'


Determining if the include file inttypes.h exists passed with the following output:
Change Dir: /home/mdomenighini/fresh/build/CMakeFiles/CMakeTmp

Run Build Command:/usr/bin/gmake "cmTryCompileExec1847735651/fast"
/usr/bin/gmake -f CMakeFiles/cmTryCompileExec1847735651.dir/build.make CMakeFiles/cmTryCompileExec1847735651.dir/build
gmake[1]: Entering directory `/home/mdomenighini/fresh/build/CMakeFiles/CMakeTmp'
/usr/bin/cmake -E cmake_progress_report /home/mdomenighini/fresh/build/CMakeFiles/CMakeTmp/CMakeFiles 1
Building C object CMakeFiles/cmTryCompileExec1847735651.dir/CheckIncludeFile.c.o
/usr/bin/cc    -o CMakeFiles/cmTryCompileExec1847735651.dir/CheckIncludeFile.c.o   -c /home/mdomenighini/fresh/build/CMakeFiles/CMakeTmp/CheckIncludeFile.c
Linking C executable cmTryCompileExec1847735651
/usr/bin/cmake -E cmake_link_script CMakeFiles/cmTryCompileExec1847735651.dir/link.txt --verbose=1
/usr/bin/cc       CMakeFiles/cmTryCompileExec1847735651.dir/CheckIncludeFile.c.o  -o cmTryCompileExec1847735651 -rdynamic 
gmake[1]: Leaving directory `/home/mdomenighini/fresh/build/CMakeFiles/CMakeTmp'


Determining if the include file limits.h exists passed with the following output:
Change Dir: /home/mdomenighini/fresh/build/CMakeFiles/CMakeTmp

Run Build Command:/usr/bin/gmake "cmTryCompileExec953423766/fast"
/usr/bin/gmake -f CMakeFiles/cmTryCompileExec953423766.dir/build.make CMakeFiles/cmTryCompileExec953423766.dir/build
gmake[1]: Entering directory `/home/mdomenighini/fresh/build/CMakeFiles/CMakeTmp'
/usr/bin/cmake -E cmake_progress_report /home/mdomenighini/fresh/build/CMakeFiles/CMakeTmp/CMakeFiles 1
Building C object CMakeFiles/cmTryCompileExec953423766.dir/CheckIncludeFile.c.o
/usr/bin/cc    -o CMakeFiles/cmTryCompileExec953423766.dir/CheckIncludeFile.c.o   -c /home/mdomenighini/fresh/build/CMakeFiles/CMakeTmp/CheckIncludeFile.c
Linking C executable cmTryCompileExec953423766
/usr/bin/cmake -E cmake_link_script CMakeFiles/cmTryCompileExec953423766.dir/link.txt --verbose=1
/usr/bin/cc       CMakeFiles/cmTryCompileExec953423766.dir/CheckIncludeFile.c.o  -o cmTryCompileExec953423766 -rdynamic 
gmake[1]: Leaving directory `/home/mdomenighini/fresh/build/CMakeFiles/CMakeTmp'


Determining if the include file pthread.h exists passed with the following output:
Change Dir: /home/mdomenighini/fresh/build/CMakeFiles/CMakeTmp

Run Build Command:/usr/bin/gmake "cmTryCompileExec2315481819/fast"
/usr/bin/gmake -f CMakeFiles/cmTryCompileExec2315481819.dir/build.make CMakeFiles/cmTryCompileExec2315481819.dir/build
gmake[1]: Entering directory `/home/mdomenighini/fresh/build/CMakeFiles/CMakeTmp'
/usr/bin/cmake -E cmake_progress_report /home/mdomenighini/fresh/build/CMakeFiles/CMakeTmp/CMakeFiles 1
Building C object CMakeFiles/cmTryCompileExec2315481819.dir/CheckIncludeFile.c.o
/usr/bin/cc    -o CMakeFiles/cmTryCompileExec2315481819.dir/CheckIncludeFile.c.o   -c /home/mdomenighini/fresh/build/CMakeFiles/CMakeTmp/CheckIncludeFile.c
Linking C executable cmTryCompileExec2315481819
/usr/bin/cmake -E cmake_link_script CMakeFiles/cmTryCompileExec2315481819.dir/link.txt --verbose=1
/usr/bin/cc       CMakeFiles/cmTryCompileExec2315481819.dir/CheckIncludeFile.c.o  -o cmTryCompileExec2315481819 -rdynamic 
gmake[1]: Leaving directory `/home/mdomenighini/fresh/build/CMakeFiles/CMakeTmp'


Determining if the include file stdint.h exists passed with the following output:
Change Dir: /home/mdomenighini/fresh/build/CMakeFiles/CMakeTmp

Run Build Command:/usr/bin/gmake "cmTryCompileExec2362716742/fast"
/usr/bin/gmake -f CMakeFiles/cmTryCompileExec2362716742.dir/build.make CMakeFiles/cmTryCompileExec2362716742.dir/build
gmake[1]: Entering directory `/home/mdomenighini/fresh/build/CMakeFiles/CMakeTmp'
/usr/bin/cmake -E cmake_progress_report /home/mdomenighini/fresh/build/CMakeFiles/CMakeTmp/CMakeFiles 1
Building C object CMakeFiles/cmTryCompileExec2362716742.dir/CheckIncludeFile.c.o
/usr/bin/cc    -o CMakeFiles/cmTryCompileExec2362716742.dir/CheckIncludeFile.c.o   -c /home/mdomenighini/fresh/build/CMakeFiles/CMakeTmp/CheckIncludeFile.c
Linking C executable cmTryCompileExec2362716742
/usr/bin/cmake -E cmake_link_script CMakeFiles/cmTryCompileExec2362716742.dir/link.txt --verbose=1
/usr/bin/cc       CMakeFiles/cmTryCompileExec2362716742.dir/CheckIncludeFile.c.o  -o cmTryCompileExec2362716742 -rdynamic 
gmake[1]: Leaving directory `/home/mdomenighini/fresh/build/CMakeFiles/CMakeTmp'


Determining if the include file sys/types.h exists passed with the following output:
Change Dir: /home/mdomenighini/fresh/build/CMakeFiles/CMakeTmp

Run Build Command:/usr/bin/gmake "cmTryCompileExec1746060616/fast"
/usr/bin/gmake -f CMakeFiles/cmTryCompileExec1746060616.dir/build.make CMakeFiles/cmTryCompileExec1746060616.dir/build
gmake[1]: Entering directory `/home/mdomenighini/fresh/build/CMakeFiles/CMakeTmp'
/usr/bin/cmake -E cmake_progress_report /home/mdomenighini/fresh/build/CMakeFiles/CMakeTmp/CMakeFiles 1
Building C object CMakeFiles/cmTryCompileExec1746060616.dir/CheckIncludeFile.c.o
/usr/bin/cc    -o CMakeFiles/cmTryCompileExec1746060616.dir/CheckIncludeFile.c.o   -c /home/mdomenighini/fresh/build/CMakeFiles/CMakeTmp/CheckIncludeFile.c
Linking C executable cmTryCompileExec1746060616
/usr/bin/cmake -E cmake_link_script CMakeFiles/cmTryCompileExec1746060616.dir/link.txt --verbose=1
/usr/bin/cc       CMakeFiles/cmTryCompileExec1746060616.dir/CheckIncludeFile.c.o  -o cmTryCompileExec1746060616 -rdynamic 
gmake[1]: Leaving directory `/home/mdomenighini/fresh/build/CMakeFiles/CMakeTmp'


Determining if the include file syslog.h exists passed with the following output:
Change Dir: /home/mdomenighini/fresh/build/CMakeFiles/CMakeTmp

Run Build Command:/usr/bin/gmake "cmTryCompileExec3213097277/fast"
/usr/bin/gmake -f CMakeFiles/cmTryCompileExec3213097277.dir/build.make CMakeFiles/cmTryCompileExec3213097277.dir/build
gmake[1]: Entering directory `/home/mdomenighini/fresh/build/CMakeFiles/CMakeTmp'
/usr/bin/cmake -E cmake_progress_report /home/mdomenighini/fresh/build/CMakeFiles/CMakeTmp/CMakeFiles 1
Building C object CMakeFiles/cmTryCompileExec3213097277.dir/CheckIncludeFile.c.o
/usr/bin/cc    -o CMakeFiles/cmTryCompileExec3213097277.dir/CheckIncludeFile.c.o   -c /home/mdomenighini/fresh/build/CMakeFiles/CMakeTmp/CheckIncludeFile.c
Linking C executable cmTryCompileExec3213097277
/usr/bin/cmake -E cmake_link_script CMakeFiles/cmTryCompileExec3213097277.dir/link.txt --verbose=1
/usr/bin/cc       CMakeFiles/cmTryCompileExec3213097277.dir/CheckIncludeFile.c.o  -o cmTryCompileExec3213097277 -rdynamic 
gmake[1]: Leaving directory `/home/mdomenighini/fresh/build/CMakeFiles/CMakeTmp'


Determining if the include file time.h exists passed with the following output:
Change Dir: /home/mdomenighini/fresh/build/CMakeFiles/CMakeTmp

Run Build Command:/usr/bin/gmake "cmTryCompileExec1963919434/fast"
/usr/bin/gmake -f CMakeFiles/cmTryCompileExec1963919434.dir/build.make CMakeFiles/cmTryCompileExec1963919434.dir/build
gmake[1]: Entering directory `/home/mdomenighini/fresh/build/CMakeFiles/CMakeTmp'
/usr/bin/cmake -E cmake_progress_report /home/mdomenighini/fresh/build/CMakeFiles/CMakeTmp/CMakeFiles 1
Building C object CMakeFiles/cmTryCompileExec1963919434.dir/CheckIncludeFile.c.o
/usr/bin/cc    -o CMakeFiles/cmTryCompileExec1963919434.dir/CheckIncludeFile.c.o   -c /home/mdomenighini/fresh/build/CMakeFiles/CMakeTmp/CheckIncludeFile.c
Linking C executable cmTryCompileExec1963919434
/usr/bin/cmake -E cmake_link_script CMakeFiles/cmTryCompileExec1963919434.dir/link.txt --verbose=1
/usr/bin/cc       CMakeFiles/cmTryCompileExec1963919434.dir/CheckIncludeFile.c.o  -o cmTryCompileExec1963919434 -rdynamic 
gmake[1]: Leaving directory `/home/mdomenighini/fresh/build/CMakeFiles/CMakeTmp'


Determining if the include file unistd.h exists passed with the following output:
Change Dir: /home/mdomenighini/fresh/build/CMakeFiles/CMakeTmp

Run Build Command:/usr/bin/gmake "cmTryCompileExec3933731651/fast"
/usr/bin/gmake -f CMakeFiles/cmTryCompileExec3933731651.dir/build.make CMakeFiles/cmTryCompileExec3933731651.dir/build
gmake[1]: Entering directory `/home/mdomenighini/fresh/build/CMakeFiles/CMakeTmp'
/usr/bin/cmake -E cmake_progress_report /home/mdomenighini/fresh/build/CMakeFiles/CMakeTmp/CMakeFiles 1
Building C object CMakeFiles/cmTryCompileExec3933731651.dir/CheckIncludeFile.c.o
/usr/bin/cc    -o CMakeFiles/cmTryCompileExec3933731651.dir/CheckIncludeFile.c.o   -c /home/mdomenighini/fresh/build/CMakeFiles/CMakeTmp/CheckIncludeFile.c
Linking C executable cmTryCompileExec3933731651
/usr/bin/cmake -E cmake_link_script CMakeFiles/cmTryCompileExec3933731651.dir/link.txt --verbose=1
/usr/bin/cc       CMakeFiles/cmTryCompileExec3933731651.dir/CheckIncludeFile.c.o  -o cmTryCompileExec3933731651 -rdynamic 
gmake[1]: Leaving directory `/home/mdomenighini/fresh/build/CMakeFiles/CMakeTmp'


